Compiled jquery.js  (71ms)  (pid 24925)
Compiled jquery_ujs.js  (0ms)  (pid 24925)
Compiled jquery.Jcrop.js  (0ms)  (pid 24925)
Compiled twitter/bootstrap/bootstrap-transition.js  (0ms)  (pid 24925)
Compiled twitter/bootstrap/bootstrap-alert.js  (0ms)  (pid 24925)
Compiled twitter/bootstrap/bootstrap-modal.js  (0ms)  (pid 24925)
Compiled twitter/bootstrap/bootstrap-dropdown.js  (0ms)  (pid 24925)
Compiled twitter/bootstrap/bootstrap-scrollspy.js  (0ms)  (pid 24925)
Compiled twitter/bootstrap/bootstrap-tab.js  (0ms)  (pid 24925)
Compiled twitter/bootstrap/bootstrap-tooltip.js  (0ms)  (pid 24925)
Compiled twitter/bootstrap/bootstrap-popover.js  (0ms)  (pid 24925)
Compiled twitter/bootstrap/bootstrap-button.js  (0ms)  (pid 24925)
Compiled twitter/bootstrap/bootstrap-collapse.js  (0ms)  (pid 24925)
Compiled twitter/bootstrap/bootstrap-carousel.js  (0ms)  (pid 24925)
Compiled twitter/bootstrap/bootstrap-typeahead.js  (0ms)  (pid 24925)
Compiled twitter/bootstrap/bootstrap-affix.js  (0ms)  (pid 24925)
Compiled twitter/bootstrap.js  (1530ms)  (pid 24925)
Compiled books.js  (61ms)  (pid 24925)
Compiled bootstrap.js  (3ms)  (pid 24925)
Compiled facebook.js  (7ms)  (pid 24925)
Compiled sessions.js  (0ms)  (pid 24925)
Compiled application.js  (2377ms)  (pid 24925)
Compiled jquery.Jcrop.css  (0ms)  (pid 24925)
Compiled bootstrap_and_overrides.css  (1256ms)  (pid 24925)
Compiled books.css  (6ms)  (pid 24925)
Compiled sessions.css  (5ms)  (pid 24925)
Compiled application.css  (1729ms)  (pid 24925)
Compiled jquery.js  (34ms)  (pid 24925)
Compiled jquery_ujs.js  (0ms)  (pid 24925)
Compiled jquery.Jcrop.js  (0ms)  (pid 24925)
Compiled twitter/bootstrap/bootstrap-transition.js  (0ms)  (pid 24925)
Compiled twitter/bootstrap/bootstrap-alert.js  (0ms)  (pid 24925)
Compiled twitter/bootstrap/bootstrap-modal.js  (0ms)  (pid 24925)
Compiled twitter/bootstrap/bootstrap-dropdown.js  (0ms)  (pid 24925)
Compiled twitter/bootstrap/bootstrap-scrollspy.js  (0ms)  (pid 24925)
Compiled twitter/bootstrap/bootstrap-tab.js  (0ms)  (pid 24925)
Compiled twitter/bootstrap/bootstrap-tooltip.js  (0ms)  (pid 24925)
Compiled twitter/bootstrap/bootstrap-popover.js  (0ms)  (pid 24925)
Compiled twitter/bootstrap/bootstrap-button.js  (0ms)  (pid 24925)
Compiled twitter/bootstrap/bootstrap-collapse.js  (0ms)  (pid 24925)
Compiled twitter/bootstrap/bootstrap-carousel.js  (0ms)  (pid 24925)
Compiled twitter/bootstrap/bootstrap-typeahead.js  (0ms)  (pid 24925)
Compiled twitter/bootstrap/bootstrap-affix.js  (0ms)  (pid 24925)
Compiled twitter/bootstrap.js  (1611ms)  (pid 24925)
Compiled books.js  (59ms)  (pid 24925)
Compiled bootstrap.js  (3ms)  (pid 24925)
Compiled facebook.js  (7ms)  (pid 24925)
Compiled sessions.js  (0ms)  (pid 24925)
Compiled application.js  (2342ms)  (pid 24925)
Compiled jquery.Jcrop.css  (0ms)  (pid 24925)
Compiled bootstrap_and_overrides.css  (631ms)  (pid 24925)
Compiled books.css  (85ms)  (pid 24925)
Compiled sessions.css  (5ms)  (pid 24925)
Compiled application.css  (2302ms)  (pid 24925)
Connecting to database specified by database.yml
Compiled jquery.js  (2ms)  (pid 4396)
Compiled jquery_ujs.js  (0ms)  (pid 4396)
Compiled jquery.Jcrop.js  (1ms)  (pid 4396)
Compiled twitter/bootstrap/bootstrap-transition.js  (0ms)  (pid 4396)
Compiled twitter/bootstrap/bootstrap-alert.js  (0ms)  (pid 4396)
Compiled twitter/bootstrap/bootstrap-modal.js  (0ms)  (pid 4396)
Compiled twitter/bootstrap/bootstrap-dropdown.js  (0ms)  (pid 4396)
Compiled twitter/bootstrap/bootstrap-scrollspy.js  (0ms)  (pid 4396)
Compiled twitter/bootstrap/bootstrap-tab.js  (0ms)  (pid 4396)
Compiled twitter/bootstrap/bootstrap-tooltip.js  (0ms)  (pid 4396)
Compiled twitter/bootstrap/bootstrap-popover.js  (0ms)  (pid 4396)
Compiled twitter/bootstrap/bootstrap-button.js  (0ms)  (pid 4396)
Compiled twitter/bootstrap/bootstrap-collapse.js  (0ms)  (pid 4396)
Compiled twitter/bootstrap/bootstrap-carousel.js  (0ms)  (pid 4396)
Compiled twitter/bootstrap/bootstrap-typeahead.js  (0ms)  (pid 4396)
Compiled twitter/bootstrap/bootstrap-affix.js  (0ms)  (pid 4396)
Compiled twitter/bootstrap.js  (1659ms)  (pid 4396)
Compiled books.js  (65ms)  (pid 4396)
Compiled bootstrap.js  (4ms)  (pid 4396)
Compiled facebook.js  (7ms)  (pid 4396)
Compiled sessions.js  (0ms)  (pid 4396)
Compiled application.js  (2353ms)  (pid 4396)
Compiled jquery.Jcrop.css  (0ms)  (pid 4396)
Compiled bootstrap_and_overrides.css  (968ms)  (pid 4396)
Compiled books.css  (8ms)  (pid 4396)
Compiled sessions.css  (7ms)  (pid 4396)
Compiled application.css  (1387ms)  (pid 4396)
Connecting to database specified by database.yml
Compiled jquery.js  (1ms)  (pid 4396)
Compiled jquery_ujs.js  (0ms)  (pid 4396)
Compiled jquery.Jcrop.js  (0ms)  (pid 4396)
Compiled twitter/bootstrap/bootstrap-transition.js  (0ms)  (pid 4396)
Compiled twitter/bootstrap/bootstrap-alert.js  (0ms)  (pid 4396)
Compiled twitter/bootstrap/bootstrap-modal.js  (0ms)  (pid 4396)
Compiled twitter/bootstrap/bootstrap-dropdown.js  (0ms)  (pid 4396)
Compiled twitter/bootstrap/bootstrap-scrollspy.js  (0ms)  (pid 4396)
Compiled twitter/bootstrap/bootstrap-tab.js  (0ms)  (pid 4396)
Compiled twitter/bootstrap/bootstrap-tooltip.js  (0ms)  (pid 4396)
Compiled twitter/bootstrap/bootstrap-popover.js  (0ms)  (pid 4396)
Compiled twitter/bootstrap/bootstrap-button.js  (0ms)  (pid 4396)
Compiled twitter/bootstrap/bootstrap-collapse.js  (0ms)  (pid 4396)
Compiled twitter/bootstrap/bootstrap-carousel.js  (0ms)  (pid 4396)
Compiled twitter/bootstrap/bootstrap-typeahead.js  (0ms)  (pid 4396)
Compiled twitter/bootstrap/bootstrap-affix.js  (0ms)  (pid 4396)
Compiled twitter/bootstrap.js  (1741ms)  (pid 4396)
Compiled books.js  (59ms)  (pid 4396)
Compiled bootstrap.js  (3ms)  (pid 4396)
Compiled facebook.js  (7ms)  (pid 4396)
Compiled sessions.js  (0ms)  (pid 4396)
Compiled application.js  (2676ms)  (pid 4396)
Compiled jquery.Jcrop.css  (0ms)  (pid 4396)
Compiled bootstrap_and_overrides.css  (699ms)  (pid 4396)
Compiled books.css  (6ms)  (pid 4396)
Compiled sessions.css  (5ms)  (pid 4396)
Compiled application.css  (989ms)  (pid 4396)
